make --dry-run --always-make --keep-going --print-directory
make: Entering directory '/home/Raph/Project/GameEngine'
gcc -I ./include -lcsfml-audio -lcsfml-network -lcsfml-window -lcsfml-graphics -lcsfml-system -lm -L ./lib/ -lmy -W -Wall -Werror -Wextra -ggdb   -c -o src/entity/cmp.o src/entity/cmp.c
gcc -I ./include -lcsfml-audio -lcsfml-network -lcsfml-window -lcsfml-graphics -lcsfml-system -lm -L ./lib/ -lmy -W -Wall -Werror -Wextra -ggdb   -c -o src/component_array/constructors.o src/component_array/constructors.c
gcc -I ./include -lcsfml-audio -lcsfml-network -lcsfml-window -lcsfml-graphics -lcsfml-system -lm -L ./lib/ -lmy -W -Wall -Werror -Wextra -ggdb   -c -o src/component_array/modifiers.o src/component_array/modifiers.c
gcc -I ./include -lcsfml-audio -lcsfml-network -lcsfml-window -lcsfml-graphics -lcsfml-system -lm -L ./lib/ -lmy -W -Wall -Werror -Wextra -ggdb   -c -o src/component_array/observators.o src/component_array/observators.c
gcc -I ./include -lcsfml-audio -lcsfml-network -lcsfml-window -lcsfml-graphics -lcsfml-system -lm -L ./lib/ -lmy -W -Wall -Werror -Wextra -ggdb   -c -o src/component_manager.h/constructors.o src/component_manager.h/constructors.c
gcc -I ./include -lcsfml-audio -lcsfml-network -lcsfml-window -lcsfml-graphics -lcsfml-system -lm -L ./lib/ -lmy -W -Wall -Werror -Wextra -ggdb   -c -o src/component_manager.h/modifiers.o src/component_manager.h/modifiers.c
gcc -I ./include -lcsfml-audio -lcsfml-network -lcsfml-window -lcsfml-graphics -lcsfml-system -lm -L ./lib/ -lmy -W -Wall -Werror -Wextra -ggdb   -c -o src/component_manager.h/utils.o src/component_manager.h/utils.c
gcc -I ./include -lcsfml-audio -lcsfml-network -lcsfml-window -lcsfml-graphics -lcsfml-system -lm -L ./lib/ -lmy -W -Wall -Werror -Wextra -ggdb   -c -o src/component_manager.h/observators.o src/component_manager.h/observators.c
gcc -I ./include -lcsfml-audio -lcsfml-network -lcsfml-window -lcsfml-graphics -lcsfml-system -lm -L ./lib/ -lmy -W -Wall -Werror -Wextra -ggdb   -c -o src/world/constructors.o src/world/constructors.c
gcc -I ./include -lcsfml-audio -lcsfml-network -lcsfml-window -lcsfml-graphics -lcsfml-system -lm -L ./lib/ -lmy -W -Wall -Werror -Wextra -ggdb   -c -o src/world/entity.o src/world/entity.c
gcc -I ./include -lcsfml-audio -lcsfml-network -lcsfml-window -lcsfml-graphics -lcsfml-system -lm -L ./lib/ -lmy -W -Wall -Werror -Wextra -ggdb   -c -o src/world/component.o src/world/component.c
gcc -I ./include -lcsfml-audio -lcsfml-network -lcsfml-window -lcsfml-graphics -lcsfml-system -lm -L ./lib/ -lmy -W -Wall -Werror -Wextra -ggdb   -c -o src/world/const.o src/world/const.c
gcc -I ./include -lcsfml-audio -lcsfml-network -lcsfml-window -lcsfml-graphics -lcsfml-system -lm -L ./lib/ -lmy -W -Wall -Werror -Wextra -ggdb   -c -o src/world/entity_modifier.o src/world/entity_modifier.c
gcc -I ./include -lcsfml-audio -lcsfml-network -lcsfml-window -lcsfml-graphics -lcsfml-system -lm -L ./lib/ -lmy -W -Wall -Werror -Wextra -ggdb   -c -o src/world/system.o src/world/system.c
gcc -I ./include -lcsfml-audio -lcsfml-network -lcsfml-window -lcsfml-graphics -lcsfml-system -lm -L ./lib/ -lmy -W -Wall -Werror -Wextra -ggdb   -c -o src/world/update.o src/world/update.c
gcc -I ./include -lcsfml-audio -lcsfml-network -lcsfml-window -lcsfml-graphics -lcsfml-system -lm -L ./lib/ -lmy -W -Wall -Werror -Wextra -ggdb   -c -o src/world/stage.o src/world/stage.c
gcc -I ./include -lcsfml-audio -lcsfml-network -lcsfml-window -lcsfml-graphics -lcsfml-system -lm -L ./lib/ -lmy -W -Wall -Werror -Wextra -ggdb   -c -o src/world/copy_entity.o src/world/copy_entity.c
gcc -I ./include -lcsfml-audio -lcsfml-network -lcsfml-window -lcsfml-graphics -lcsfml-system -lm -L ./lib/ -lmy -W -Wall -Werror -Wextra -ggdb   -c -o src/system/constructors.o src/system/constructors.c
gcc -I ./include -lcsfml-audio -lcsfml-network -lcsfml-window -lcsfml-graphics -lcsfml-system -lm -L ./lib/ -lmy -W -Wall -Werror -Wextra -ggdb   -c -o src/system/modifiers.o src/system/modifiers.c
gcc -I ./include -lcsfml-audio -lcsfml-network -lcsfml-window -lcsfml-graphics -lcsfml-system -lm -L ./lib/ -lmy -W -Wall -Werror -Wextra -ggdb   -c -o src/system/update.o src/system/update.c
gcc -I ./include -lcsfml-audio -lcsfml-network -lcsfml-window -lcsfml-graphics -lcsfml-system -lm -L ./lib/ -lmy -W -Wall -Werror -Wextra -ggdb   -c -o src/system/signature.o src/system/signature.c
gcc -I ./include -lcsfml-audio -lcsfml-network -lcsfml-window -lcsfml-graphics -lcsfml-system -lm -L ./lib/ -lmy -W -Wall -Werror -Wextra -ggdb   -c -o src/system/entity.o src/system/entity.c
gcc -I ./include -lcsfml-audio -lcsfml-network -lcsfml-window -lcsfml-graphics -lcsfml-system -lm -L ./lib/ -lmy -W -Wall -Werror -Wextra -ggdb   -c -o src/engines/render/const.o src/engines/render/const.c
gcc -I ./include -lcsfml-audio -lcsfml-network -lcsfml-window -lcsfml-graphics -lcsfml-system -lm -L ./lib/ -lmy -W -Wall -Werror -Wextra -ggdb   -c -o src/engines/render/constructors.o src/engines/render/constructors.c
gcc -I ./include -lcsfml-audio -lcsfml-network -lcsfml-window -lcsfml-graphics -lcsfml-system -lm -L ./lib/ -lmy -W -Wall -Werror -Wextra -ggdb   -c -o src/engines/render/modifiers.o src/engines/render/modifiers.c
gcc -I ./include -lcsfml-audio -lcsfml-network -lcsfml-window -lcsfml-graphics -lcsfml-system -lm -L ./lib/ -lmy -W -Wall -Werror -Wextra -ggdb   -c -o src/engines/render/insert.o src/engines/render/insert.c
gcc -I ./include -lcsfml-audio -lcsfml-network -lcsfml-window -lcsfml-graphics -lcsfml-system -lm -L ./lib/ -lmy -W -Wall -Werror -Wextra -ggdb   -c -o src/engines/render/particules/constructors.o src/engines/render/particules/constructors.c
gcc -I ./include -lcsfml-audio -lcsfml-network -lcsfml-window -lcsfml-graphics -lcsfml-system -lm -L ./lib/ -lmy -W -Wall -Werror -Wextra -ggdb   -c -o src/engines/render/particules/observators.o src/engines/render/particules/observators.c
gcc -I ./include -lcsfml-audio -lcsfml-network -lcsfml-window -lcsfml-graphics -lcsfml-system -lm -L ./lib/ -lmy -W -Wall -Werror -Wextra -ggdb   -c -o src/engines/render/particules/modifiers.o src/engines/render/particules/modifiers.c
gcc -I ./include -lcsfml-audio -lcsfml-network -lcsfml-window -lcsfml-graphics -lcsfml-system -lm -L ./lib/ -lmy -W -Wall -Werror -Wextra -ggdb   -c -o src/engines/render/particules/modifiers2.o src/engines/render/particules/modifiers2.c
gcc -I ./include -lcsfml-audio -lcsfml-network -lcsfml-window -lcsfml-graphics -lcsfml-system -lm -L ./lib/ -lmy -W -Wall -Werror -Wextra -ggdb   -c -o src/engines/render/particules/flame/func.o src/engines/render/particules/flame/func.c
gcc -I ./include -lcsfml-audio -lcsfml-network -lcsfml-window -lcsfml-graphics -lcsfml-system -lm -L ./lib/ -lmy -W -Wall -Werror -Wextra -ggdb   -c -o src/engines/render/particules/atlas/boi.o src/engines/render/particules/atlas/boi.c
gcc -I ./include -lcsfml-audio -lcsfml-network -lcsfml-window -lcsfml-graphics -lcsfml-system -lm -L ./lib/ -lmy -W -Wall -Werror -Wextra -ggdb   -c -o src/engines/render/particules/utils.o src/engines/render/particules/utils.c
gcc -I ./include -lcsfml-audio -lcsfml-network -lcsfml-window -lcsfml-graphics -lcsfml-system -lm -L ./lib/ -lmy -W -Wall -Werror -Wextra -ggdb   -c -o src/engines/render/particules/observators2.o src/engines/render/particules/observators2.c
gcc -I ./include -lcsfml-audio -lcsfml-network -lcsfml-window -lcsfml-graphics -lcsfml-system -lm -L ./lib/ -lmy -W -Wall -Werror -Wextra -ggdb   -c -o src/engines/render/particules/soul_flame/func.o src/engines/render/particules/soul_flame/func.c
gcc -I ./include -lcsfml-audio -lcsfml-network -lcsfml-window -lcsfml-graphics -lcsfml-system -lm -L ./lib/ -lmy -W -Wall -Werror -Wextra -ggdb   -c -o src/engines/render/particules/smoke/func.o src/engines/render/particules/smoke/func.c
gcc -I ./include -lcsfml-audio -lcsfml-network -lcsfml-window -lcsfml-graphics -lcsfml-system -lm -L ./lib/ -lmy -W -Wall -Werror -Wextra -ggdb   -c -o src/engines/render/sprite/constructors.o src/engines/render/sprite/constructors.c
gcc -I ./include -lcsfml-audio -lcsfml-network -lcsfml-window -lcsfml-graphics -lcsfml-system -lm -L ./lib/ -lmy -W -Wall -Werror -Wextra -ggdb   -c -o src/engines/render/sprite/observators.o src/engines/render/sprite/observators.c
gcc -I ./include -lcsfml-audio -lcsfml-network -lcsfml-window -lcsfml-graphics -lcsfml-system -lm -L ./lib/ -lmy -W -Wall -Werror -Wextra -ggdb   -c -o src/engines/render/sprite/modifiers.o src/engines/render/sprite/modifiers.c
gcc -I ./include -lcsfml-audio -lcsfml-network -lcsfml-window -lcsfml-graphics -lcsfml-system -lm -L ./lib/ -lmy -W -Wall -Werror -Wextra -ggdb   -c -o src/engines/render/sprite/copy.o src/engines/render/sprite/copy.c
gcc -I ./include -lcsfml-audio -lcsfml-network -lcsfml-window -lcsfml-graphics -lcsfml-system -lm -L ./lib/ -lmy -W -Wall -Werror -Wextra -ggdb   -c -o src/engines/render/sprite/modifiers2.o src/engines/render/sprite/modifiers2.c
gcc -I ./include -lcsfml-audio -lcsfml-network -lcsfml-window -lcsfml-graphics -lcsfml-system -lm -L ./lib/ -lmy -W -Wall -Werror -Wextra -ggdb   -c -o src/engines/render/sprite/atlas/boi.o src/engines/render/sprite/atlas/boi.c
gcc -I ./include -lcsfml-audio -lcsfml-network -lcsfml-window -lcsfml-graphics -lcsfml-system -lm -L ./lib/ -lmy -W -Wall -Werror -Wextra -ggdb   -c -o src/engines/render/renderables/constructors.o src/engines/render/renderables/constructors.c
gcc -I ./include -lcsfml-audio -lcsfml-network -lcsfml-window -lcsfml-graphics -lcsfml-system -lm -L ./lib/ -lmy -W -Wall -Werror -Wextra -ggdb   -c -o src/engines/render/renderables/observators.o src/engines/render/renderables/observators.c
gcc -I ./include -lcsfml-audio -lcsfml-network -lcsfml-window -lcsfml-graphics -lcsfml-system -lm -L ./lib/ -lmy -W -Wall -Werror -Wextra -ggdb   -c -o src/engines/render/renderables/copy.o src/engines/render/renderables/copy.c
gcc -I ./include -lcsfml-audio -lcsfml-network -lcsfml-window -lcsfml-graphics -lcsfml-system -lm -L ./lib/ -lmy -W -Wall -Werror -Wextra -ggdb   -c -o src/engines/render/renderables/modifiers.o src/engines/render/renderables/modifiers.c
gcc -I ./include -lcsfml-audio -lcsfml-network -lcsfml-window -lcsfml-graphics -lcsfml-system -lm -L ./lib/ -lmy -W -Wall -Werror -Wextra -ggdb   -c -o src/engines/render/atlas/boi.o src/engines/render/atlas/boi.c
gcc -I ./include -lcsfml-audio -lcsfml-network -lcsfml-window -lcsfml-graphics -lcsfml-system -lm -L ./lib/ -lmy -W -Wall -Werror -Wextra -ggdb   -c -o src/engines/render/loop.o src/engines/render/loop.c
gcc -I ./include -lcsfml-audio -lcsfml-network -lcsfml-window -lcsfml-graphics -lcsfml-system -lm -L ./lib/ -lmy -W -Wall -Werror -Wextra -ggdb   -c -o src/engines/render/observators.o src/engines/render/observators.c
gcc -I ./include -lcsfml-audio -lcsfml-network -lcsfml-window -lcsfml-graphics -lcsfml-system -lm -L ./lib/ -lmy -W -Wall -Werror -Wextra -ggdb   -c -o main.o main.c
make -C lib/ all
gcc -o alchemist src/entity/cmp.o src/component_array/constructors.o src/component_array/modifiers.o src/component_array/observators.o src/component_manager.h/constructors.o src/component_manager.h/modifiers.o src/component_manager.h/utils.o src/component_manager.h/observators.o src/world/constructors.o src/world/entity.o src/world/component.o src/world/const.o src/world/entity_modifier.o src/world/system.o src/world/update.o src/world/stage.o src/world/copy_entity.o src/system/constructors.o src/system/modifiers.o src/system/update.o src/system/signature.o src/system/entity.o src/engines/render/const.o src/engines/render/constructors.o src/engines/render/modifiers.o src/engines/render/insert.o src/engines/render/particules/constructors.o src/engines/render/particules/observators.o src/engines/render/particules/modifiers.o src/engines/render/particules/modifiers2.o src/engines/render/particules/flame/func.o src/engines/render/particules/atlas/boi.o src/engines/render/particules/utils.o src/engines/render/particules/observators2.o src/engines/render/particules/soul_flame/func.o src/engines/render/particules/smoke/func.o src/engines/render/sprite/constructors.o src/engines/render/sprite/observators.o src/engines/render/sprite/modifiers.o src/engines/render/sprite/copy.o src/engines/render/sprite/modifiers2.o src/engines/render/sprite/atlas/boi.o src/engines/render/renderables/constructors.o src/engines/render/renderables/observators.o src/engines/render/renderables/copy.o src/engines/render/renderables/modifiers.o src/engines/render/atlas/boi.o src/engines/render/loop.o src/engines/render/observators.o main.o -I ./include -lcsfml-audio -lcsfml-network -lcsfml-window -lcsfml-graphics -lcsfml-system -lm -L ./lib/ -lmy -W -Wall -Werror -Wextra -ggdb
make: Leaving directory '/home/Raph/Project/GameEngine'
 
